<?xml version="1.0" encoding="UTF-8"?>
<!-- Generated by org.testng.reporters.JUnitReportReporter -->
<testsuite hostname="INF-LAW-030" failures="0" tests="9" name="testcases.FirstTest" time="70.797" errors="0" timestamp="2023-07-24T05:09:51 EEST" skipped="0">
  <testcase classname="testcases.FirstTest" name="fillEmailAndPasswordFiellsAndValidateCheckbox" time="5.547"/>
  <testcase classname="testcases.FirstTest" name="validateRolesInDropDown" time="6.037"/>
  <testcase classname="testcases.FirstTest" name="fillEmailAndPasswordFiells" time="6.231"/>
  <testcase classname="testcases.FirstTest" name="EmailPasswordAndLogginButtonAreDisplayed" time="7.518"/>
  <testcase classname="testcases.FirstTest" name="openWebSite" time="4.643"/>
  <testcase classname="testcases.FirstTest" name="verifyCheckboxText" time="7.274"/>
  <testcase classname="testcases.FirstTest" name="ValidateErrorWithWaiting" time="12.636"/>
  <testcase classname="testcases.FirstTest" name="fillEmailAndPasswordFiellsAndValidateError" time="14.590"/>
  <testcase classname="testcases.FirstTest" name="openSignInPage" time="6.321"/>
</testsuite> <!-- testcases.FirstTest -->
